PHP Notice:  Undefined variable: title in /var/www/html/newsd/static/inc/function/main.php on line 167
PHP Notice:  Undefined variable: date in /var/www/html/newsd/static/inc/function/main.php on line 168
PHP Notice:  Undefined variable: image in /var/www/html/newsd/static/inc/function/main.php on line 169
PHP Notice:  Undefined variable: news_content in /var/www/html/newsd/static/inc/function/main.php on line 170
PHP Notice:  Undefined variable: writer in /var/www/html/newsd/static/inc/function/main.php on line 171
PHP Notice:  Undefined offset: 3 in /var/www/html/newsd/static/inc/function/main.php on line 112
PHP Notice:  Undefined offset: 3 in /var/www/html/newsd/static/inc/function/main.php on line 112
PHP Notice:  Undefined offset: 3 in /var/www/html/newsd/static/inc/function/main.php on line 112
PHP Notice:  Undefined offset: 3 in /var/www/html/newsd/static/inc/function/main.php on line 112
PHP Notice:  Undefined offset: 3 in /var/www/html/newsd/static/inc/function/main.php on line 112
PHP Notice:  Undefined offset: 3 in /var/www/html/newsd/static/inc/function/main.php on line 112
PHP Notice:  Undefined offset: 3 in /var/www/html/newsd/static/inc/function/main.php on line 112
PHP Notice:  Undefined offset: 3 in /var/www/html/newsd/static/inc/function/main.php on line 112
PHP Notice:  Undefined offset: 3 in /var/www/html/newsd/static/inc/function/main.php on line 112
PHP Notice:  Undefined offset: 3 in /var/www/html/newsd/static/inc/function/main.php on line 112
PHP Notice:  Undefined offset: 3 in /var/www/html/newsd/static/inc/function/main.php on line 112
PHP Notice:  Undefined offset: 3 in /var/www/html/newsd/static/inc/function/main.php on line 112
PHP Notice:  Undefined offset: 3 in /var/www/html/newsd/static/inc/function/main.php on line 112
PHP Notice:  Undefined offset: 3 in /var/www/html/newsd/static/inc/function/main.php on line 112
PHP Notice:  Undefined offset: 3 in /var/www/html/newsd/static/inc/function/main.php on line 112
PHP Notice:  Undefined offset: 3 in /var/www/html/newsd/static/inc/function/main.php on line 112
PHP Notice:  Undefined offset: 3 in /var/www/html/newsd/static/inc/function/main.php on line 112
PHP Warning:  get_headers(http://batampos.co.id/): failed to open stream: HTTP request failed!  in /var/www/html/newsd/static/inc/function/general.php on line 292
PHP Warning:  get_headers(http://batampos.co.id/01-09-2015/batam-pintu-masuk-narkoba-asal-malaysia/): failed to open stream: HTTP request failed!  in /var/www/html/newsd/static/inc/function/general.php on line 292
